        -:    0:Source:../src/Amplitude.hpp
        -:    0:Graph:tc.gcno
        -:    0:Data:tc.gcda
        -:    0:Runs:1
        -:    0:Programs:1
        -:    1:/*
        -:    2: * Introduction to the header template.
        -:    3: * For each function FUNC, the file name shall be FUNC.hpp in src/DeemaAlomair folder.
        -:    4: * Every FUNC shall be replaced with implemented function name.
        -:    5: * The type of a CFS with FLOAT is CFST<FLOAT>
        -:    6: * The code shall follow c++17 standard.
        -:    7: * Only the c++ standard libraries are allowed.
        -:    8: * C-style code is highly not recommended.
        -:    9: */
        -:   10:
        -:   11:#ifndef FSL_AMPLITUDE_HPP
        -:   12:#define FSL_AMPLITUDE_HPP
        -:   13:
        -:   14:#include "CFSData.hpp"
        -:   15:
        -:   16:/*Other library inclusion is here*/
        -:   17:namespace FSL{
        -:   18:
        -:   19:template<class FLOAT>
        5:   20:inline FLOAT sqr(FLOAT x)
        -:   21:{
        5:   22:	return x*x;
        -:   23:}
        -:   24:
        -:   25:template<class FLOAT>
        1:   26:FLOAT Amplitude(const CFST<FLOAT>& f)
        -:   27:{
        1:   28:    FLOAT ressq = sqr(f.getAi(0));
        1:   29:    size_t n = f.getn();
        3:   30:    for (size_t i = 1; i <= n; ++i)
        -:   31:    {
        2:   32:    	ressq += 0.5*(sqr(f.getAi(i))+sqr(f.getBi(i)));
        -:   33:    }
        1:   34:    return sqrt(ressq);
        -:   35:}
        -:   36:
        -:   37:}
        -:   38:#endif
        -:   39:
        -:   40:/*
        -:   41: * Type N in MIS shall be translated to size_t in C++. 
        -:   42: * This type is already introduced in CFSData.h
        -:   43: */
