        -:    0:Source:../src/Division.hpp
        -:    0:Graph:tc.gcno
        -:    0:Data:tc.gcda
        -:    0:Runs:1
        -:    0:Programs:1
        -:    1:/*
        -:    2: * Introduction to the header template.
        -:    3: * For each function FUNC, the file name shall be FUNC.hpp in src/DeemaAlomair folder.
        -:    4: * Every FUNC shall be replaced with implemented function name.
        -:    5: * The type of a CFS with FLOAT is CFST<FLOAT>
        -:    6: * The code shall follow c++17 standard.
        -:    7: * Only the c++ standard libraries are allowed.
        -:    8: * C-style code is highly not recommended.
        -:    9: */
        -:   10:
        -:   11:#ifndef FSL_DIVISION_HPP
        -:   12:#define FSL_DIVISION_HPP
        -:   13:
        -:   14:#include "CFSData.hpp"
        -:   15:#include "LinSolve.hpp"
        -:   16:#include "CFSMatch.hpp"
        -:   17:
        -:   18:/*Other library inclusion is here*/
        -:   19:namespace FSL{
        -:   20:template<class FLOAT>
        1:   21:CFST<FLOAT> Division(const CFST<FLOAT>& f, const CFST<FLOAT>& g)
        -:   22:{
        1:   23:   	CFSMatchThrow<FLOAT>(f, g);
        1:   24:   	size_t n = f.getn();
        1:   25:   	CFST<FLOAT> res(f.getn(), f.getomega());
        2:   26:    std::vector<std::vector<FLOAT>> M(2*n+1);
        6:   27:    for(size_t i = 0; i < 2*n+1; ++i)
        -:   28:    {
        5:   29:    	M[i].resize(2*n+1, 0.0);
        -:   30:    }
        2:   31:    std::vector<FLOAT> x(2*n+1, 0.0);
        2:   32:    std::vector<FLOAT> y(2*n+1, 0.0);
        -:   33:    /*
        -:   34:    for (size_t i = 0; i <= n; ++i)
        -:   35:    {
        -:   36:    	for(size_t j = 0; j <= (n-i); ++j)
        -:   37:    	{
        -:   38:    		M[i][i+j] += g.getAi(j);
        -:   39:    		M[i][j] += g.getAi(i+j);
        -:   40:    		if (j!=0)
        -:   41:    			M[i][n+1+i+j] += g.getBi(j);
        -:   42:    		if ((i+j)!=0)
        -:   43:    			M[i][n+1+i] += g.getBi(i+j); 
        -:   44:    	}
        -:   45:    	for(size_t j = 0; j <= i; ++j)
        -:   46:    	{
        -:   47:    		M[i][j] += g.getAi(i-j);
        -:   48:    		M[i][n+1+j] -= g.getBi(i-j);
        -:   49:    	}
        -:   50:    	y[i] = f.getAi(i);
        -:   51:    }
        -:   52:    for(size_t i = 1; i <= n; ++i);
        -:   53:    {
        -:   54:    	for (size_t j = 0; j <= (n-i); ++j)
        -:   55:    	{
        -:   56:    		M[n+1+i][j] += g.getBi(i+j);
        -:   57:    		M[n+1+i][i+j+n+1] += g.getAi(j);
        -:   58:    		M[n+1+i][j+n+1] += g.getAi(i+j);
        -:   59:    		M[n+1+i][i+j] += g.getBi(j);
        -:   60:    	}
        -:   61:		for (size_t j = 0; j <= i; ++j)
        -:   62:		{
        -:   63:			M[n+1+i][j] += g.getBi(i-j);
        -:   64:			M[n+1+i][n+1+j] += g.getAi(i-j);
        -:   65:		}
        -:   66:		y[n+1+i] = f.getBi(i);
        -:   67:    }
        -:   68:    */
        4:   69:    for(size_t i = 0; i <= n; ++i)
        -:   70:    {   
       12:   71:        for (size_t j = 0; j <= n; ++j)
        -:   72:        {
        -:   73:            //FLOAT count;
        9:   74:            if (i>j)
        -:   75:            {       
        -:   76:                //count = 0.5 * (f.getAi(i) * g.getAi(j) + f.getBi(i) * g.getBi(j));
        -:   77:                //A[i-j] += count;
        3:   78:                M[i-j][i] += g.getAi(j);
        3:   79:                M[i-j][n+i] += g.getBi(j);
        -:   80:                //count = 0.5 * (f.getBi(i) * g.getAi(j) - f.getAi(i) * g.getBi(j));
        -:   81:                //B[i-j] += count;
        3:   82:                M[n+i-j][n+i] += g.getAi(j);
        3:   83:                M[n+i-j][i] -= g.getBi(j);
        -:   84:            }
        -:   85:            else
        -:   86:            {
        -:   87:                //count = 0.5 * (f.getAi(i) * g.getAi(j) + f.getBi(i) * g.getBi(j));
        -:   88:                //A[j-i] += count;
        6:   89:                M[j-i][i] += g.getAi(j);
        6:   90:                M[j-i][n+i] += g.getBi(j);
        -:   91:                //count = 0.5 * (-f.getBi(i) * g.getAi(j) + f.getAi(i) * g.getBi(j));
        -:   92:                //B[j-i] += count;
        6:   93:                if (i!=j)
        -:   94:                    {
        3:   95:                        M[n+j-i][n+i] -= g.getAi(j);
        3:   96:                        M[n+j-i][i] += g.getBi(j);
        -:   97:                    }    
        -:   98:            }
        9:   99:            if ((i+j) <= n)
        -:  100:            {
        -:  101:                //count = 0.5 * (f.getAi(i) * g.getAi(j) - f.getBi(i) * g.getBi(j));
        -:  102:                //A[i+j] += count;
        6:  103:                M[i+j][i] += g.getAi(j);
        6:  104:                M[i+j][n+i] -= g.getBi(j);
        -:  105:                //count = 0.5 * (f.getAi(i) * g.getBi(j) + f.getBi(i) * g.getAi(j));
        -:  106:                //B[i+j] += count;
        6:  107:                M[n+i+j][i] += g.getBi(j);
        6:  108:                M[n+i+j][n+i] += g.getAi(j);
        -:  109:            }
        -:  110:        }
        3:  111:        y[i] = 2*f.getAi(i);
        3:  112:        if (i!=0)
        2:  113:            y[n+i] = 2*f.getBi(i);
        -:  114:    }
        1:  115:    LinSolve<FLOAT>(2*n+1, M, y, x);
        4:  116:    for(size_t i = 0; i <= n; ++i)
        -:  117:    {
        3:  118:        res.setAi(i, x[i]);
        3:  119:        res.setBi(i, x[n+1+i]);
        -:  120:    }
        2:  121:    return res;
        -:  122:}
        -:  123:}
        -:  124:#endif
        -:  125:
        -:  126:/*
        -:  127: * Type N in MIS shall be translated to size_t in C++. 
        -:  128: * This type is already introduced in CFSData.h
        -:  129: */
