        -:    0:Source:testDivision.hpp
        -:    0:Graph:tc.gcno
        -:    0:Data:tc.gcda
        -:    0:Runs:1
        -:    0:Programs:1
        -:    1:#pragma once
        -:    2:
        -:    3:#include "Division.hpp"
        -:    4:#include "ToleratedEquality.hpp"
        -:    5:
        -:    6:using namespace FSL;
        -:    7:
        2:    8:SCENARIO("Division test", "[BasicOp]")
        -:    9:{
        2:   10:	WHEN("Given two CFS sin2 and cos")
        -:   11:	{
        2:   12:		CFSO f(2, 1.0, {0.0, 0.0, 0.0}, {0.0, 1.0});
        2:   13:		CFSO g(2, 1.0, {0.0, 1.0, 0.0}, {0.0, 0.0});
        2:   14:		THEN("The division result shall be 2*sin")
        -:   15:		{
        2:   16:			CFSO rstd(2, 1.0, {0.0, 0.0, 0.0}, {2.0, 0.0});
        2:   17:			auto res = Division(f, g);
        1:   18:			std::cout<<res<<endl;
        2:   19:			CHECK(ToleratedEquality(rstd, res, 0.000001));
        -:   20:		}
        -:   21:	}
        4:   22:}
