        -:    0:Source:../src/ToleratedEquality.hpp
        -:    0:Graph:tc.gcno
        -:    0:Data:tc.gcda
        -:    0:Runs:1
        -:    0:Programs:1
        -:    1:/*
        -:    2: * Introduction to the header template.
        -:    3: * For each function FUNC, the file name shall be FUNC.hpp in src/DeemaAlomair folder.
        -:    4: * Every FUNC shall be replaced with implemented function name.
        -:    5: * The type of a CFS with FLOAT is CFST<FLOAT>
        -:    6: * The code shall follow c++17 standard.
        -:    7: * Only the c++ standard libraries are allowed.
        -:    8: * C-style code is highly not recommended.
        -:    9: */
        -:   10:
        -:   11:#ifndef FSL_TOLERATEDEQUALITY_HPP
        -:   12:#define FSL_TOLERATEDEQUALITY_HPP
        -:   13:
        -:   14:#include "CFSData.hpp"
        -:   15:#include "Subtraction.hpp"
        -:   16:#include "Amplitude.hpp"
        -:   17:
        -:   18:/*Other library inclusion is here*/
        -:   19:namespace FSL{
        -:   20:template<class FLOAT>
       13:   21:bool ToleratedEquality(const CFST<FLOAT>& f, const CFST<FLOAT>& g, FLOAT tol)
        -:   22:{
       26:   23:    auto diff = Subtraction<FLOAT>(f, g);
       13:   24:    FLOAT amp = Amplitude<FLOAT>(diff);
       26:   25:    return (amp <= tol);
        -:   26:}
        -:   27:
        -:   28:template<class FLOAT>
        -:   29:bool TolEq(const CFST<FLOAT>& f, const CFST<FLOAT>& g, FLOAT tol)
        -:   30:{
        -:   31:	return ToleratedEquality(f, g, tol);
        -:   32:}
        -:   33:}
        -:   34:#endif
        -:   35:
        -:   36:/*
        -:   37: * Type N in MIS shall be translated to size_t in C++. 
        -:   38: * This type is already introduced in CFSData.h
        -:   39: */
